16:58:17 **** Incremental Build of configuration Debug for project TestStroop ****
make -j4 all 
arm-none-eabi-gcc -o "TestStroop.elf" @"objects.list"   -mcpu=cortex-m3 -T"C:\Users\alunos\STM32CubeIDE\STM32_2025\AtividadePr√°tica\TestStroop\STM32F103C8TX_FLASH.ld" --specs=nosys.specs -Wl,-Map="TestStroop.map" -Wl,--gc-sections -static --specs=nano.specs -mfloat-abi=soft -mthumb -Wl,--start-group -lc -lm -Wl,--end-group
c:\st\stm32cubeide_1.5.1\stm32cubeide\plugins\com.st.stm32cube.ide.mcu.externaltools.gnu-tools-for-stm32.7-2018-q2-update.win32_1.5.0.202011040924\tools\arm-none-eabi\bin\ld.exe: cannot open linker script file C:\Users\alunos\STM32CubeIDE\STM32_2025\AtividadePr??tica\TestStroop\STM32F103C8TX_FLASH.ld: No such file or directory
collect2.exe: error: ld returned 1 exit status
make: *** [makefile:59: TestStroop.elf] Error 1
"make -j4 all" terminated with exit code 2. Build might be incomplete.

16:58:18 Build Failed. 2 errors, 0 warnings. (took 359ms)

